Finished Fawkes CLI tools argument setup at: 2020-10-02 03:25:13.229186
Finished Loading Images Paths at: 2020-10-02 03:25:13.229468
Finished Initializing Fawkes at: 2020-10-02 03:25:24.096892
Start running protection at: 2020-10-02 03:25:24.096914
Fininshed Setting Parameters at: 2020-10-02 03:25:24.097040
Identify 1 files in the directory
Identify 1 images in the directory
Finished Loading Images at: 2020-10-02 03:25:24.104271
Find 1 face(s) in 0.jpg
Finished Detecting Faces In The Images at: 2020-10-02 03:25:24.923609
target ID: 20769
Finished All Images Target Embedding at: 2020-10-02 03:25:28.920414
Finished Initializing Fawkes Protector at: 2020-10-02 03:25:43.995470
1 batches in total
processing image 1 at 2020-10-02 03:25:43.996098

 0/50 [..............................] - ETA: 0s
 1/50 [..............................] - ETA: 11:40
 2/50 [>.............................] - ETA: 6:03 
 3/50 [>.............................] - ETA: 4:10
 4/50 [=>............................] - ETA: 3:13
 5/50 [==>...........................] - ETA: 2:38
 6/50 [==>...........................] - ETA: 2:15
 7/50 [===>..........................] - ETA: 1:58
 8/50 [===>..........................] - ETA: 1:46
 9/50 [====>.........................] - ETA: 1:35
10/50 [=====>........................] - ETA: 1:27
11/50 [=====>........................] - ETA: 1:20
12/50 [======>.......................] - ETA: 1:14
13/50 [======>.......................] - ETA: 1:09
14/50 [=======>......................] - ETA: 1:04
15/50 [========>.....................] - ETA: 1:00
16/50 [========>.....................] - ETA: 56s 
17/50 [=========>....................] - ETA: 53s
18/50 [=========>....................] - ETA: 50s
19/50 [==========>...................] - ETA: 47s
20/50 [===========>..................] - ETA: 45s
21/50 [===========>..................] - ETA: 42s
22/50 [============>.................] - ETA: 40s
23/50 [============>.................] - ETA: 38s
24/50 [=============>................] - ETA: 36s
25/50 [==============>...............] - ETA: 34s
26/50 [==============>...............] - ETA: 32s
27/50 [===============>..............] - ETA: 30s
28/50 [===============>..............] - ETA: 28s
29/50 [================>.............] - ETA: 27s
30/50 [=================>............] - ETA: 25s
31/50 [=================>............] - ETA: 24s
32/50 [==================>...........] - ETA: 22s
33/50 [==================>...........] - ETA: 21s
34/50 [===================>..........] - ETA: 19s
35/50 [====================>.........] - ETA: 18s
36/50 [====================>.........] - ETA: 16s
37/50 [=====================>........] - ETA: 15s
38/50 [=====================>........] - ETA: 14s
39/50 [======================>.......] - ETA: 12s
40/50 [=======================>......] - ETA: 11s
41/50 [=======================>......] - ETA: 10s
42/50 [========================>.....] - ETA: 9s 
43/50 [========================>.....] - ETA: 8s
44/50 [=========================>....] - ETA: 6s
45/50 [==========================>...] - ETA: 5s
46/50 [==========================>...] - ETA: 4s
47/50 [===========================>..] - ETA: 3s
48/50 [===========================>..] - ETA: 2s
49/50 [============================>.] - ETA: 1s

protection cost 56.096636 s
Finished Protecting Images at: 2020-10-02 03:26:40.093011
Finished Merging Faces at: 2020-10-02 03:26:40.104047
Done! and Finished Exporting File at: 2020-10-02 03:26:40.145516
