Finished Fawkes CLI tools argument setup at: 2020-10-02 03:51:06.565762
Finished Loading Images Paths at: 2020-10-02 03:51:06.566056
Finished Initializing Fawkes at: 2020-10-02 03:51:17.275093
Start running protection at: 2020-10-02 03:51:17.275116
Fininshed Setting Parameters at: 2020-10-02 03:51:17.275133
Identify 1 files in the directory
Identify 1 images in the directory
Finished Loading Images at: 2020-10-02 03:51:17.282569
Find 1 face(s) in 0.jpg
Finished Detecting Faces In The Images at: 2020-10-02 03:51:18.048191
target ID: 20793
Finished All Images Target Embedding at: 2020-10-02 03:51:21.464150
Finished Initializing Fawkes Protector at: 2020-10-02 03:51:36.486609
1 batches in total
processing image 1 at 2020-10-02 03:51:36.487233

 0/20 [..............................] - ETA: 0s
 1/20 [>.............................] - ETA: 3:43
 2/20 [==>...........................] - ETA: 1:53
 3/20 [===>..........................] - ETA: 1:16
 4/20 [=====>........................] - ETA: 57s 
 5/20 [======>.......................] - ETA: 45s
 6/20 [========>.....................] - ETA: 37s
 7/20 [=========>....................] - ETA: 31s
 8/20 [===========>..................] - ETA: 26s
 9/20 [============>.................] - ETA: 22s
10/20 [==============>...............] - ETA: 19s
11/20 [===============>..............] - ETA: 16s
12/20 [=================>............] - ETA: 13s
13/20 [==================>...........] - ETA: 11s
14/20 [====================>.........] - ETA: 9s 
15/20 [=====================>........] - ETA: 7s
16/20 [=======================>......] - ETA: 6s
17/20 [========================>.....] - ETA: 4s
18/20 [==========================>...] - ETA: 2s
19/20 [===========================>..] - ETA: 1s

protection cost 28.707743 s
Finished Protecting Images at: 2020-10-02 03:52:05.195252
Finished Merging Faces at: 2020-10-02 03:52:05.206204
Done! and Finished Exporting File at: 2020-10-02 03:52:05.247698
