Finished Fawkes CLI tools argument setup at, 2020-10-02 05:02:35.111120
Finished Loading Images Paths at, 2020-10-02 05:02:35.111437
Finished Initializing Fawkes at, 2020-10-02 05:02:45.810775
Start running protection at, 2020-10-02 05:02:45.810798
Fininshed Setting Parameters at, 2020-10-02 05:02:45.811127
Finished Loading Images at, 2020-10-02 05:02:45.843381
Finished Detecting Faces In The Images at, 2020-10-02 05:02:47.301965
Finished All Images Target Embedding at, 2020-10-02 05:02:51.874993
Finished Initializing Fawkes Protector at, 2020-10-02 05:03:06.885175
processing image 1 at, 2020-10-02 05:03:06.890747
processing image 2 at, 2020-10-02 05:03:35.032887
processing image 3 at, 2020-10-02 05:03:51.355545
processing image 4 at, 2020-10-02 05:04:07.654420
processing image 5 at, 2020-10-02 05:04:23.905352
processing image 6 at, 2020-10-02 05:04:40.144871
processing image 7 at, 2020-10-02 05:04:56.242363
processing image 8 at, 2020-10-02 05:05:12.482343
processing image 9 at, 2020-10-02 05:05:28.859605
processing image 10 at, 2020-10-02 05:05:45.148234
Finished Protecting Images at, 2020-10-02 05:06:01.510624
Finished Merging Faces at, 2020-10-02 05:06:01.612273
Done! and Finished Exporting File at, 2020-10-02 05:06:02.160882
