Finished Fawkes CLI tools argument setup at, 2020-10-02 05:08:12.421945
Finished Loading Images Paths at, 2020-10-02 05:08:12.422260
Finished Initializing Fawkes at, 2020-10-02 05:08:23.134868
Start running protection at, 2020-10-02 05:08:23.134893
Fininshed Setting Parameters at, 2020-10-02 05:08:23.135222
Finished Loading Images at, 2020-10-02 05:08:23.167973
Finished Detecting Faces In The Images at, 2020-10-02 05:08:24.591038
Finished All Images Target Embedding at, 2020-10-02 05:08:29.094728
Finished Initializing Fawkes Protector at, 2020-10-02 05:08:43.945657
processing image 1 at, 2020-10-02 05:08:43.951290
processing image 2 at, 2020-10-02 05:09:12.310680
processing image 3 at, 2020-10-02 05:09:28.679665
processing image 4 at, 2020-10-02 05:09:44.801299
processing image 5 at, 2020-10-02 05:10:00.942658
processing image 6 at, 2020-10-02 05:10:16.915980
processing image 7 at, 2020-10-02 05:10:32.918971
processing image 8 at, 2020-10-02 05:10:48.934983
processing image 9 at, 2020-10-02 05:11:05.104986
processing image 10 at, 2020-10-02 05:11:21.011329
Finished Protecting Images at, 2020-10-02 05:11:37.084417
Finished Merging Faces at, 2020-10-02 05:11:37.189350
Done! and Finished Exporting File at, 2020-10-02 05:11:37.737207
