Finished Fawkes CLI tools argument setup at, 2020-10-02 04:56:58.443346
Finished Loading Images Paths at, 2020-10-02 04:56:58.443658
Finished Initializing Fawkes at, 2020-10-02 04:57:09.111948
Start running protection at, 2020-10-02 04:57:09.111971
Fininshed Setting Parameters at, 2020-10-02 04:57:09.111989
Finished Loading Images at, 2020-10-02 04:57:09.145522
Finished Detecting Faces In The Images at, 2020-10-02 04:57:10.586916
Finished All Images Target Embedding at, 2020-10-02 04:57:15.231831
Finished Initializing Fawkes Protector at, 2020-10-02 04:57:30.277244
processing image 1 at, 2020-10-02 04:57:30.282834
processing image 2 at, 2020-10-02 04:57:58.964648
processing image 3 at, 2020-10-02 04:58:15.241124
processing image 4 at, 2020-10-02 04:58:31.341308
processing image 5 at, 2020-10-02 04:58:47.282290
processing image 6 at, 2020-10-02 04:59:03.177034
processing image 7 at, 2020-10-02 04:59:19.179832
processing image 8 at, 2020-10-02 04:59:35.319578
processing image 9 at, 2020-10-02 04:59:51.365211
processing image 10 at, 2020-10-02 05:00:07.480376
Finished Protecting Images at, 2020-10-02 05:00:23.644403
Finished Merging Faces at, 2020-10-02 05:00:23.748295
Done! and Finished Exporting File at, 2020-10-02 05:00:24.299481
