Finished Fawkes CLI tools argument setup at: 2020-10-02 04:05:37.186862
Finished Loading Images Paths at: 2020-10-02 04:05:37.187150
Finished Initializing Fawkes at: 2020-10-02 04:05:47.861616
Start running protection at: 2020-10-02 04:05:47.861640
Fininshed Setting Parameters at: 2020-10-02 04:05:47.861658
Identify 1 files in the directory
Identify 1 images in the directory
Finished Loading Images at: 2020-10-02 04:05:47.868898
Find 1 face(s) in 0.jpg
Finished Detecting Faces In The Images at: 2020-10-02 04:05:48.630792
target ID: 20704
Finished All Images Target Embedding at: 2020-10-02 04:05:52.690154
Finished Initializing Fawkes Protector at: 2020-10-02 04:06:07.721958
1 batches in total
processing image 1 at 2020-10-02 04:06:07.722585

 0/50 [..............................] - ETA: 0s
 1/50 [..............................] - ETA: 9:30
 2/50 [>.............................] - ETA: 4:59
 3/50 [>.............................] - ETA: 3:28
 4/50 [=>............................] - ETA: 2:42
 5/50 [==>...........................] - ETA: 2:14
 6/50 [==>...........................] - ETA: 1:55
 7/50 [===>..........................] - ETA: 1:42
 8/50 [===>..........................] - ETA: 1:31
 9/50 [====>.........................] - ETA: 1:23
10/50 [=====>........................] - ETA: 1:16
11/50 [=====>........................] - ETA: 1:10
12/50 [======>.......................] - ETA: 1:05
13/50 [======>.......................] - ETA: 1:01
14/50 [=======>......................] - ETA: 57s 
15/50 [========>.....................] - ETA: 54s
16/50 [========>.....................] - ETA: 51s
17/50 [=========>....................] - ETA: 48s
18/50 [=========>....................] - ETA: 45s
19/50 [==========>...................] - ETA: 43s
20/50 [===========>..................] - ETA: 41s
21/50 [===========>..................] - ETA: 38s
22/50 [============>.................] - ETA: 36s
23/50 [============>.................] - ETA: 35s
24/50 [=============>................] - ETA: 33s
25/50 [==============>...............] - ETA: 31s
26/50 [==============>...............] - ETA: 29s
27/50 [===============>..............] - ETA: 28s
28/50 [===============>..............] - ETA: 26s
29/50 [================>.............] - ETA: 25s
30/50 [=================>............] - ETA: 23s
31/50 [=================>............] - ETA: 22s
32/50 [==================>...........] - ETA: 21s
33/50 [==================>...........] - ETA: 19s
34/50 [===================>..........] - ETA: 18s
35/50 [====================>.........] - ETA: 17s
36/50 [====================>.........] - ETA: 15s
37/50 [=====================>........] - ETA: 14s
38/50 [=====================>........] - ETA: 13s
39/50 [======================>.......] - ETA: 12s
40/50 [=======================>......] - ETA: 11s
41/50 [=======================>......] - ETA: 9s 
42/50 [========================>.....] - ETA: 8s
43/50 [========================>.....] - ETA: 7s
44/50 [=========================>....] - ETA: 6s
45/50 [==========================>...] - ETA: 5s
46/50 [==========================>...] - ETA: 4s
47/50 [===========================>..] - ETA: 3s
48/50 [===========================>..] - ETA: 2s
49/50 [============================>.] - ETA: 1s

protection cost 53.411523 s
Finished Protecting Images at: 2020-10-02 04:07:01.134411
Finished Merging Faces at: 2020-10-02 04:07:01.145372
Done! and Finished Exporting File at: 2020-10-02 04:07:01.186696
