Finished Fawkes CLI tools argument setup at: 2020-10-02 05:06:04.720641
Finished Loading Images Paths at: 2020-10-02 05:06:04.720933
Finished Initializing Fawkes at: 2020-10-02 05:06:15.404743
Start running protection at: 2020-10-02 05:06:15.404767
Fininshed Setting Parameters at: 2020-10-02 05:06:15.404785
Identify 5 files in the directory
Identify 5 images in the directory
Finished Loading Images at: 2020-10-02 05:06:15.423809
Find 1 face(s) in 2.jpg
Find 1 face(s) in 4.jpg
Find 1 face(s) in 0.jpg
Find 1 face(s) in 3.jpg
Find 1 face(s) in 1.jpg
Finished Detecting Faces In The Images at: 2020-10-02 05:06:16.489376
target ID: 19361
Finished All Images Target Embedding at: 2020-10-02 05:06:20.736332
Finished Initializing Fawkes Protector at: 2020-10-02 05:06:35.748098
5 batches in total
processing image 1 at 2020-10-02 05:06:35.750939

 0/20 [..............................] - ETA: 0s
 1/20 [>.............................] - ETA: 3:39
 2/20 [==>...........................] - ETA: 1:51
 3/20 [===>..........................] - ETA: 1:14
 4/20 [=====>........................] - ETA: 56s 
 5/20 [======>.......................] - ETA: 44s
 6/20 [========>.....................] - ETA: 36s
 7/20 [=========>....................] - ETA: 30s
 8/20 [===========>..................] - ETA: 26s
 9/20 [============>.................] - ETA: 22s
10/20 [==============>...............] - ETA: 19s
11/20 [===============>..............] - ETA: 16s
12/20 [=================>............] - ETA: 13s
13/20 [==================>...........] - ETA: 11s
14/20 [====================>.........] - ETA: 9s 
15/20 [=====================>........] - ETA: 7s
16/20 [=======================>......] - ETA: 5s
17/20 [========================>.....] - ETA: 4s
18/20 [==========================>...] - ETA: 2s
19/20 [===========================>..] - ETA: 1s

processing image 2 at 2020-10-02 05:07:04.103119

 0/20 [..............................] - ETA: 0s
 1/20 [>.............................] - ETA: 31s
 2/20 [==>...........................] - ETA: 22s
 3/20 [===>..........................] - ETA: 18s
 4/20 [=====>........................] - ETA: 16s
 5/20 [======>.......................] - ETA: 14s
 6/20 [========>.....................] - ETA: 13s
 7/20 [=========>....................] - ETA: 12s
 8/20 [===========>..................] - ETA: 11s
 9/20 [============>.................] - ETA: 10s
10/20 [==============>...............] - ETA: 9s 
11/20 [===============>..............] - ETA: 8s
12/20 [=================>............] - ETA: 7s
13/20 [==================>...........] - ETA: 6s
14/20 [====================>.........] - ETA: 5s
15/20 [=====================>........] - ETA: 4s
16/20 [=======================>......] - ETA: 3s
17/20 [========================>.....] - ETA: 2s
18/20 [==========================>...] - ETA: 1s
19/20 [===========================>..] - ETA: 0s

processing image 3 at 2020-10-02 05:07:20.663646

 0/20 [..............................] - ETA: 0s
 1/20 [>.............................] - ETA: 31s
 2/20 [==>...........................] - ETA: 22s
 3/20 [===>..........................] - ETA: 18s
 4/20 [=====>........................] - ETA: 16s
 5/20 [======>.......................] - ETA: 14s
 6/20 [========>.....................] - ETA: 13s
 7/20 [=========>....................] - ETA: 12s
 8/20 [===========>..................] - ETA: 11s
 9/20 [============>.................] - ETA: 10s
10/20 [==============>...............] - ETA: 9s 
11/20 [===============>..............] - ETA: 8s
12/20 [=================>............] - ETA: 7s
13/20 [==================>...........] - ETA: 6s
14/20 [====================>.........] - ETA: 5s
15/20 [=====================>........] - ETA: 4s
16/20 [=======================>......] - ETA: 3s
17/20 [========================>.....] - ETA: 2s
18/20 [==========================>...] - ETA: 1s
19/20 [===========================>..] - ETA: 0s

processing image 4 at 2020-10-02 05:07:36.998277

 0/20 [..............................] - ETA: 0s
 1/20 [>.............................] - ETA: 30s
 2/20 [==>...........................] - ETA: 21s
 3/20 [===>..........................] - ETA: 18s
 4/20 [=====>........................] - ETA: 15s
 5/20 [======>.......................] - ETA: 14s
 6/20 [========>.....................] - ETA: 13s
 7/20 [=========>....................] - ETA: 11s
 8/20 [===========>..................] - ETA: 10s
 9/20 [============>.................] - ETA: 9s 
10/20 [==============>...............] - ETA: 8s
11/20 [===============>..............] - ETA: 7s
12/20 [=================>............] - ETA: 6s
13/20 [==================>...........] - ETA: 6s
14/20 [====================>.........] - ETA: 5s
15/20 [=====================>........] - ETA: 4s
16/20 [=======================>......] - ETA: 3s
17/20 [========================>.....] - ETA: 2s
18/20 [==========================>...] - ETA: 1s
19/20 [===========================>..] - ETA: 0s

processing image 5 at 2020-10-02 05:07:53.098626

 0/20 [..............................] - ETA: 0s
 1/20 [>.............................] - ETA: 31s
 2/20 [==>...........................] - ETA: 22s
 3/20 [===>..........................] - ETA: 18s
 4/20 [=====>........................] - ETA: 16s
 5/20 [======>.......................] - ETA: 14s
 6/20 [========>.....................] - ETA: 13s
 7/20 [=========>....................] - ETA: 12s
 8/20 [===========>..................] - ETA: 11s
 9/20 [============>.................] - ETA: 10s
10/20 [==============>...............] - ETA: 9s 
11/20 [===============>..............] - ETA: 8s
12/20 [=================>............] - ETA: 7s
13/20 [==================>...........] - ETA: 6s
14/20 [====================>.........] - ETA: 5s
15/20 [=====================>........] - ETA: 4s
16/20 [=======================>......] - ETA: 3s
17/20 [========================>.....] - ETA: 2s
18/20 [==========================>...] - ETA: 1s
19/20 [===========================>..] - ETA: 0s

protection cost 93.749907 s
Finished Protecting Images at: 2020-10-02 05:08:09.502143
Finished Merging Faces at: 2020-10-02 05:08:09.552667
Done! and Finished Exporting File at: 2020-10-02 05:08:09.823288
