Finished Fawkes CLI tools argument setup at: 2020-10-02 03:38:41.629601
Finished Loading Images Paths at: 2020-10-02 03:38:41.629880
Finished Initializing Fawkes at: 2020-10-02 03:38:52.699660
Start running protection at: 2020-10-02 03:38:52.699684
Fininshed Setting Parameters at: 2020-10-02 03:38:52.700055
Identify 1 files in the directory
Identify 1 images in the directory
Finished Loading Images at: 2020-10-02 03:38:52.707220
Find 1 face(s) in 0.jpg
Finished Detecting Faces In The Images at: 2020-10-02 03:38:53.577446
target ID: 19785
Finished All Images Target Embedding at: 2020-10-02 03:38:57.031261
Finished Initializing Fawkes Protector at: 2020-10-02 03:39:11.936625
1 batches in total
processing image 1 at 2020-10-02 03:39:11.937261

 0/50 [..............................] - ETA: 0s
 1/50 [..............................] - ETA: 9:59
 2/50 [>.............................] - ETA: 5:13
 3/50 [>.............................] - ETA: 3:37
 4/50 [=>............................] - ETA: 2:49
 5/50 [==>...........................] - ETA: 2:19
 6/50 [==>...........................] - ETA: 2:00
 7/50 [===>..........................] - ETA: 1:45
 8/50 [===>..........................] - ETA: 1:34
 9/50 [====>.........................] - ETA: 1:26
10/50 [=====>........................] - ETA: 1:18
11/50 [=====>........................] - ETA: 1:12
12/50 [======>.......................] - ETA: 1:07
13/50 [======>.......................] - ETA: 1:03
14/50 [=======>......................] - ETA: 59s 
15/50 [========>.....................] - ETA: 55s
16/50 [========>.....................] - ETA: 52s
17/50 [=========>....................] - ETA: 49s
18/50 [=========>....................] - ETA: 46s
19/50 [==========>...................] - ETA: 44s
20/50 [===========>..................] - ETA: 41s
21/50 [===========>..................] - ETA: 39s
22/50 [============>.................] - ETA: 37s
23/50 [============>.................] - ETA: 35s
24/50 [=============>................] - ETA: 33s
25/50 [==============>...............] - ETA: 31s
26/50 [==============>...............] - ETA: 30s
27/50 [===============>..............] - ETA: 28s
28/50 [===============>..............] - ETA: 27s
29/50 [================>.............] - ETA: 25s
30/50 [=================>............] - ETA: 24s
31/50 [=================>............] - ETA: 22s
32/50 [==================>...........] - ETA: 21s
33/50 [==================>...........] - ETA: 19s
34/50 [===================>..........] - ETA: 18s
35/50 [====================>.........] - ETA: 17s
36/50 [====================>.........] - ETA: 15s
37/50 [=====================>........] - ETA: 14s
38/50 [=====================>........] - ETA: 13s
39/50 [======================>.......] - ETA: 12s
40/50 [=======================>......] - ETA: 11s
41/50 [=======================>......] - ETA: 9s 
42/50 [========================>.....] - ETA: 8s
43/50 [========================>.....] - ETA: 7s
44/50 [=========================>....] - ETA: 6s
45/50 [==========================>...] - ETA: 5s
46/50 [==========================>...] - ETA: 4s
47/50 [===========================>..] - ETA: 3s
48/50 [===========================>..] - ETA: 2s
49/50 [============================>.] - ETA: 1s

protection cost 53.242377 s
Finished Protecting Images at: 2020-10-02 03:40:05.179896
Finished Merging Faces at: 2020-10-02 03:40:05.190829
Done! and Finished Exporting File at: 2020-10-02 03:40:05.232247
