Finished Fawkes CLI tools argument setup at: 2020-10-02 03:43:36.446712
Finished Loading Images Paths at: 2020-10-02 03:43:36.446991
Finished Initializing Fawkes at: 2020-10-02 03:43:47.092107
Start running protection at: 2020-10-02 03:43:47.092131
Fininshed Setting Parameters at: 2020-10-02 03:43:47.092150
Identify 1 files in the directory
Identify 1 images in the directory
Finished Loading Images at: 2020-10-02 03:43:47.099478
Find 1 face(s) in 0.jpg
Finished Detecting Faces In The Images at: 2020-10-02 03:43:47.864104
target ID: 20880
Finished All Images Target Embedding at: 2020-10-02 03:43:51.293026
Finished Initializing Fawkes Protector at: 2020-10-02 03:44:06.282651
1 batches in total
processing image 1 at 2020-10-02 03:44:06.283283

  0/500 [..............................] - ETA: 0s
  1/500 [..............................] - ETA: 1:35:08
  2/500 [..............................] - ETA: 50:53  
  3/500 [..............................] - ETA: 36:09
  4/500 [..............................] - ETA: 28:47
  5/500 [..............................] - ETA: 24:20
  6/500 [..............................] - ETA: 21:23
  7/500 [..............................] - ETA: 19:18
  8/500 [..............................] - ETA: 17:42
  9/500 [..............................] - ETA: 16:28
 10/500 [..............................] - ETA: 15:28
 11/500 [..............................] - ETA: 14:39
 12/500 [..............................] - ETA: 13:58
 13/500 [..............................] - ETA: 13:23
 14/500 [..............................] - ETA: 12:52
 15/500 [..............................] - ETA: 12:25
 16/500 [..............................] - ETA: 12:01
 17/500 [>.............................] - ETA: 11:41
 18/500 [>.............................] - ETA: 11:23
 19/500 [>.............................] - ETA: 11:06
 20/500 [>.............................] - ETA: 10:51
 21/500 [>.............................] - ETA: 10:37
 22/500 [>.............................] - ETA: 10:25
 23/500 [>.............................] - ETA: 10:14
 24/500 [>.............................] - ETA: 10:04
 25/500 [>.............................] - ETA: 9:54 
 26/500 [>.............................] - ETA: 9:45
 27/500 [>.............................] - ETA: 9:36
 28/500 [>.............................] - ETA: 9:28
 29/500 [>.............................] - ETA: 9:21
 30/500 [>.............................] - ETA: 9:14
 31/500 [>.............................] - ETA: 9:07
 32/500 [>.............................] - ETA: 9:00
 33/500 [>.............................] - ETA: 8:54
 34/500 [=>............................] - ETA: 8:48
 35/500 [=>............................] - ETA: 8:43
 36/500 [=>............................] - ETA: 8:38
 37/500 [=>............................] - ETA: 8:33
 38/500 [=>............................] - ETA: 8:28
 39/500 [=>............................] - ETA: 8:24
 40/500 [=>............................] - ETA: 8:20
 41/500 [=>............................] - ETA: 8:16
 42/500 [=>............................] - ETA: 8:12
 43/500 [=>............................] - ETA: 8:08
 44/500 [=>............................] - ETA: 8:04
 45/500 [=>............................] - ETA: 8:01
 46/500 [=>............................] - ETA: 7:57
 47/500 [=>............................] - ETA: 7:53
 48/500 [=>............................] - ETA: 7:50
 49/500 [=>............................] - ETA: 7:47
 50/500 [==>...........................] - ETA: 7:44
 51/500 [==>...........................] - ETA: 7:41
 52/500 [==>...........................] - ETA: 7:38
 53/500 [==>...........................] - ETA: 7:35
 54/500 [==>...........................] - ETA: 7:32
 55/500 [==>...........................] - ETA: 7:30
 56/500 [==>...........................] - ETA: 7:27
 57/500 [==>...........................] - ETA: 7:25
 58/500 [==>...........................] - ETA: 7:22
 59/500 [==>...........................] - ETA: 7:20
 60/500 [==>...........................] - ETA: 7:17
 61/500 [==>...........................] - ETA: 7:15
 62/500 [==>...........................] - ETA: 7:13
 63/500 [==>...........................] - ETA: 7:10
 64/500 [==>...........................] - ETA: 7:08
 65/500 [==>...........................] - ETA: 7:06
 66/500 [==>...........................] - ETA: 7:04
 67/500 [===>..........................] - ETA: 7:02
 68/500 [===>..........................] - ETA: 7:00
 69/500 [===>..........................] - ETA: 6:58
 70/500 [===>..........................] - ETA: 6:56
 71/500 [===>..........................] - ETA: 6:54
 72/500 [===>..........................] - ETA: 6:52
 73/500 [===>..........................] - ETA: 6:50
 74/500 [===>..........................] - ETA: 6:48
 75/500 [===>..........................] - ETA: 6:46
 76/500 [===>..........................] - ETA: 6:44
 77/500 [===>..........................] - ETA: 6:43
 78/500 [===>..........................] - ETA: 6:41
 79/500 [===>..........................] - ETA: 6:39
 80/500 [===>..........................] - ETA: 6:38
 81/500 [===>..........................] - ETA: 6:36
 82/500 [===>..........................] - ETA: 6:34
 83/500 [===>..........................] - ETA: 6:33
 84/500 [====>.........................] - ETA: 6:31
 85/500 [====>.........................] - ETA: 6:29
 86/500 [====>.........................] - ETA: 6:28
 87/500 [====>.........................] - ETA: 6:26
 88/500 [====>.........................] - ETA: 6:25
 89/500 [====>.........................] - ETA: 6:23
 90/500 [====>.........................] - ETA: 6:22
 91/500 [====>.........................] - ETA: 6:20
 92/500 [====>.........................] - ETA: 6:19
 93/500 [====>.........................] - ETA: 6:17
 94/500 [====>.........................] - ETA: 6:16
 95/500 [====>.........................] - ETA: 6:14
 96/500 [====>.........................] - ETA: 6:13
 97/500 [====>.........................] - ETA: 6:12
 98/500 [====>.........................] - ETA: 6:10
 99/500 [====>.........................] - ETA: 6:09
100/500 [=====>........................] - ETA: 6:08
101/500 [=====>........................] - ETA: 6:06
102/500 [=====>........................] - ETA: 6:05
103/500 [=====>........................] - ETA: 6:04
104/500 [=====>........................] - ETA: 6:02
105/500 [=====>........................] - ETA: 6:01
106/500 [=====>........................] - ETA: 6:00
107/500 [=====>........................] - ETA: 5:58
108/500 [=====>........................] - ETA: 5:57
109/500 [=====>........................] - ETA: 5:56
110/500 [=====>........................] - ETA: 5:54
111/500 [=====>........................] - ETA: 5:53
112/500 [=====>........................] - ETA: 5:52
113/500 [=====>........................] - ETA: 5:51
114/500 [=====>........................] - ETA: 5:49
115/500 [=====>........................] - ETA: 5:48
116/500 [=====>........................] - ETA: 5:47
117/500 [======>.......................] - ETA: 5:46
118/500 [======>.......................] - ETA: 5:44
119/500 [======>.......................] - ETA: 5:43
120/500 [======>.......................] - ETA: 5:42
121/500 [======>.......................] - ETA: 5:41
122/500 [======>.......................] - ETA: 5:40
123/500 [======>.......................] - ETA: 5:39
124/500 [======>.......................] - ETA: 5:37
125/500 [======>.......................] - ETA: 5:36
126/500 [======>.......................] - ETA: 5:35
127/500 [======>.......................] - ETA: 5:34
128/500 [======>.......................] - ETA: 5:33
129/500 [======>.......................] - ETA: 5:32
130/500 [======>.......................] - ETA: 5:31
131/500 [======>.......................] - ETA: 5:29
132/500 [======>.......................] - ETA: 5:28
133/500 [======>.......................] - ETA: 5:27
134/500 [=======>......................] - ETA: 5:26
135/500 [=======>......................] - ETA: 5:25
136/500 [=======>......................] - ETA: 5:24
137/500 [=======>......................] - ETA: 5:23
138/500 [=======>......................] - ETA: 5:22
139/500 [=======>......................] - ETA: 5:20
140/500 [=======>......................] - ETA: 5:19
141/500 [=======>......................] - ETA: 5:18
142/500 [=======>......................] - ETA: 5:17
143/500 [=======>......................] - ETA: 5:16
144/500 [=======>......................] - ETA: 5:15
145/500 [=======>......................] - ETA: 5:14
146/500 [=======>......................] - ETA: 5:13
147/500 [=======>......................] - ETA: 5:11
148/500 [=======>......................] - ETA: 5:10
149/500 [=======>......................] - ETA: 5:09
150/500 [========>.....................] - ETA: 5:08
151/500 [========>.....................] - ETA: 5:07
152/500 [========>.....................] - ETA: 5:06
153/500 [========>.....................] - ETA: 5:05
154/500 [========>.....................] - ETA: 5:04
155/500 [========>.....................] - ETA: 5:03
156/500 [========>.....................] - ETA: 5:02
157/500 [========>.....................] - ETA: 5:01
158/500 [========>.....................] - ETA: 5:00
159/500 [========>.....................] - ETA: 4:59
160/500 [========>.....................] - ETA: 4:58
161/500 [========>.....................] - ETA: 4:57
162/500 [========>.....................] - ETA: 4:56
163/500 [========>.....................] - ETA: 4:55
164/500 [========>.....................] - ETA: 4:54
165/500 [========>.....................] - ETA: 4:53
166/500 [========>.....................] - ETA: 4:52
167/500 [=========>....................] - ETA: 4:51
168/500 [=========>....................] - ETA: 4:50
169/500 [=========>....................] - ETA: 4:49
170/500 [=========>....................] - ETA: 4:48
171/500 [=========>....................] - ETA: 4:47
172/500 [=========>....................] - ETA: 4:46
173/500 [=========>....................] - ETA: 4:45
174/500 [=========>....................] - ETA: 4:44
175/500 [=========>....................] - ETA: 4:43
176/500 [=========>....................] - ETA: 4:42
177/500 [=========>....................] - ETA: 4:41
178/500 [=========>....................] - ETA: 4:40
179/500 [=========>....................] - ETA: 4:39
180/500 [=========>....................] - ETA: 4:38
181/500 [=========>....................] - ETA: 4:37
182/500 [=========>....................] - ETA: 4:36
183/500 [=========>....................] - ETA: 4:35
184/500 [==========>...................] - ETA: 4:34
185/500 [==========>...................] - ETA: 4:33
186/500 [==========>...................] - ETA: 4:32
187/500 [==========>...................] - ETA: 4:31
188/500 [==========>...................] - ETA: 4:30
189/500 [==========>...................] - ETA: 4:29
190/500 [==========>...................] - ETA: 4:28
191/500 [==========>...................] - ETA: 4:27
192/500 [==========>...................] - ETA: 4:26
193/500 [==========>...................] - ETA: 4:25
194/500 [==========>...................] - ETA: 4:24
195/500 [==========>...................] - ETA: 4:24
196/500 [==========>...................] - ETA: 4:23
197/500 [==========>...................] - ETA: 4:22
198/500 [==========>...................] - ETA: 4:21
199/500 [==========>...................] - ETA: 4:20
200/500 [===========>..................] - ETA: 4:19
201/500 [===========>..................] - ETA: 4:18
202/500 [===========>..................] - ETA: 4:17
203/500 [===========>..................] - ETA: 4:16
204/500 [===========>..................] - ETA: 4:15
205/500 [===========>..................] - ETA: 4:14
206/500 [===========>..................] - ETA: 4:13
207/500 [===========>..................] - ETA: 4:12
208/500 [===========>..................] - ETA: 4:11
209/500 [===========>..................] - ETA: 4:10
210/500 [===========>..................] - ETA: 4:09
211/500 [===========>..................] - ETA: 4:08
212/500 [===========>..................] - ETA: 4:07
213/500 [===========>..................] - ETA: 4:06
214/500 [===========>..................] - ETA: 4:06
215/500 [===========>..................] - ETA: 4:05
216/500 [===========>..................] - ETA: 4:04
217/500 [============>.................] - ETA: 4:03
218/500 [============>.................] - ETA: 4:02
219/500 [============>.................] - ETA: 4:01
220/500 [============>.................] - ETA: 4:00
221/500 [============>.................] - ETA: 3:59
222/500 [============>.................] - ETA: 3:58
223/500 [============>.................] - ETA: 3:57
224/500 [============>.................] - ETA: 3:56
225/500 [============>.................] - ETA: 3:55
226/500 [============>.................] - ETA: 3:54
227/500 [============>.................] - ETA: 3:53
228/500 [============>.................] - ETA: 3:52
229/500 [============>.................] - ETA: 3:52
230/500 [============>.................] - ETA: 3:51
231/500 [============>.................] - ETA: 3:50
232/500 [============>.................] - ETA: 3:49
233/500 [============>.................] - ETA: 3:48
234/500 [=============>................] - ETA: 3:47
235/500 [=============>................] - ETA: 3:46
236/500 [=============>................] - ETA: 3:45
237/500 [=============>................] - ETA: 3:44
238/500 [=============>................] - ETA: 3:43
239/500 [=============>................] - ETA: 3:43
240/500 [=============>................] - ETA: 3:42
241/500 [=============>................] - ETA: 3:41
242/500 [=============>................] - ETA: 3:40
243/500 [=============>................] - ETA: 3:39
244/500 [=============>................] - ETA: 3:38
245/500 [=============>................] - ETA: 3:37
246/500 [=============>................] - ETA: 3:36
247/500 [=============>................] - ETA: 3:35
248/500 [=============>................] - ETA: 3:34
249/500 [=============>................] - ETA: 3:33
250/500 [==============>...............] - ETA: 3:33
251/500 [==============>...............] - ETA: 3:32
252/500 [==============>...............] - ETA: 3:31
253/500 [==============>...............] - ETA: 3:30
254/500 [==============>...............] - ETA: 3:29
255/500 [==============>...............] - ETA: 3:28
256/500 [==============>...............] - ETA: 3:27
257/500 [==============>...............] - ETA: 3:26
258/500 [==============>...............] - ETA: 3:25
259/500 [==============>...............] - ETA: 3:25
260/500 [==============>...............] - ETA: 3:24
261/500 [==============>...............] - ETA: 3:23
262/500 [==============>...............] - ETA: 3:22
263/500 [==============>...............] - ETA: 3:21
264/500 [==============>...............] - ETA: 3:20
265/500 [==============>...............] - ETA: 3:19
266/500 [==============>...............] - ETA: 3:18
267/500 [===============>..............] - ETA: 3:17
268/500 [===============>..............] - ETA: 3:17
269/500 [===============>..............] - ETA: 3:16
270/500 [===============>..............] - ETA: 3:15
271/500 [===============>..............] - ETA: 3:14
272/500 [===============>..............] - ETA: 3:13
273/500 [===============>..............] - ETA: 3:12
274/500 [===============>..............] - ETA: 3:11
275/500 [===============>..............] - ETA: 3:10
276/500 [===============>..............] - ETA: 3:10
277/500 [===============>..............] - ETA: 3:09
278/500 [===============>..............] - ETA: 3:08
279/500 [===============>..............] - ETA: 3:07
280/500 [===============>..............] - ETA: 3:06
281/500 [===============>..............] - ETA: 3:05
282/500 [===============>..............] - ETA: 3:04
283/500 [===============>..............] - ETA: 3:03
284/500 [================>.............] - ETA: 3:03
285/500 [================>.............] - ETA: 3:02
286/500 [================>.............] - ETA: 3:01
287/500 [================>.............] - ETA: 3:00
288/500 [================>.............] - ETA: 2:59
289/500 [================>.............] - ETA: 2:58
290/500 [================>.............] - ETA: 2:57
291/500 [================>.............] - ETA: 2:56
292/500 [================>.............] - ETA: 2:56
293/500 [================>.............] - ETA: 2:55
294/500 [================>.............] - ETA: 2:54
295/500 [================>.............] - ETA: 2:53
296/500 [================>.............] - ETA: 2:52
297/500 [================>.............] - ETA: 2:51
298/500 [================>.............] - ETA: 2:50
299/500 [================>.............] - ETA: 2:49
300/500 [=================>............] - ETA: 2:49
301/500 [=================>............] - ETA: 2:48
302/500 [=================>............] - ETA: 2:47
303/500 [=================>............] - ETA: 2:46
304/500 [=================>............] - ETA: 2:45
305/500 [=================>............] - ETA: 2:44
306/500 [=================>............] - ETA: 2:43
307/500 [=================>............] - ETA: 2:43
308/500 [=================>............] - ETA: 2:42
309/500 [=================>............] - ETA: 2:41
310/500 [=================>............] - ETA: 2:40
311/500 [=================>............] - ETA: 2:39
312/500 [=================>............] - ETA: 2:38
313/500 [=================>............] - ETA: 2:37
314/500 [=================>............] - ETA: 2:36
315/500 [=================>............] - ETA: 2:36
316/500 [=================>............] - ETA: 2:35
317/500 [==================>...........] - ETA: 2:34
318/500 [==================>...........] - ETA: 2:33
319/500 [==================>...........] - ETA: 2:32
320/500 [==================>...........] - ETA: 2:31
321/500 [==================>...........] - ETA: 2:30
322/500 [==================>...........] - ETA: 2:30
323/500 [==================>...........] - ETA: 2:29
324/500 [==================>...........] - ETA: 2:28
325/500 [==================>...........] - ETA: 2:27
326/500 [==================>...........] - ETA: 2:26
327/500 [==================>...........] - ETA: 2:25
328/500 [==================>...........] - ETA: 2:24
329/500 [==================>...........] - ETA: 2:24
330/500 [==================>...........] - ETA: 2:23
331/500 [==================>...........] - ETA: 2:22
332/500 [==================>...........] - ETA: 2:21
333/500 [==================>...........] - ETA: 2:20
334/500 [===================>..........] - ETA: 2:19
335/500 [===================>..........] - ETA: 2:18
336/500 [===================>..........] - ETA: 2:18
337/500 [===================>..........] - ETA: 2:17
338/500 [===================>..........] - ETA: 2:16
339/500 [===================>..........] - ETA: 2:15
340/500 [===================>..........] - ETA: 2:14
341/500 [===================>..........] - ETA: 2:13
342/500 [===================>..........] - ETA: 2:12
343/500 [===================>..........] - ETA: 2:12
344/500 [===================>..........] - ETA: 2:11
345/500 [===================>..........] - ETA: 2:10
346/500 [===================>..........] - ETA: 2:09
347/500 [===================>..........] - ETA: 2:08
348/500 [===================>..........] - ETA: 2:07
349/500 [===================>..........] - ETA: 2:06
350/500 [====================>.........] - ETA: 2:06
351/500 [====================>.........] - ETA: 2:05
352/500 [====================>.........] - ETA: 2:04
353/500 [====================>.........] - ETA: 2:03
354/500 [====================>.........] - ETA: 2:02
355/500 [====================>.........] - ETA: 2:01
356/500 [====================>.........] - ETA: 2:01
357/500 [====================>.........] - ETA: 2:00
358/500 [====================>.........] - ETA: 1:59
359/500 [====================>.........] - ETA: 1:58
360/500 [====================>.........] - ETA: 1:57
361/500 [====================>.........] - ETA: 1:56
362/500 [====================>.........] - ETA: 1:55
363/500 [====================>.........] - ETA: 1:55
364/500 [====================>.........] - ETA: 1:54
365/500 [====================>.........] - ETA: 1:53
366/500 [====================>.........] - ETA: 1:52
367/500 [=====================>........] - ETA: 1:51
368/500 [=====================>........] - ETA: 1:50
369/500 [=====================>........] - ETA: 1:49
370/500 [=====================>........] - ETA: 1:49
371/500 [=====================>........] - ETA: 1:48
372/500 [=====================>........] - ETA: 1:47
373/500 [=====================>........] - ETA: 1:46
374/500 [=====================>........] - ETA: 1:45
375/500 [=====================>........] - ETA: 1:44
376/500 [=====================>........] - ETA: 1:44
377/500 [=====================>........] - ETA: 1:43
378/500 [=====================>........] - ETA: 1:42
379/500 [=====================>........] - ETA: 1:41
380/500 [=====================>........] - ETA: 1:40
381/500 [=====================>........] - ETA: 1:39
382/500 [=====================>........] - ETA: 1:38
383/500 [=====================>........] - ETA: 1:38
384/500 [======================>.......] - ETA: 1:37
385/500 [======================>.......] - ETA: 1:36
386/500 [======================>.......] - ETA: 1:35
387/500 [======================>.......] - ETA: 1:34
388/500 [======================>.......] - ETA: 1:33
389/500 [======================>.......] - ETA: 1:33
390/500 [======================>.......] - ETA: 1:32
391/500 [======================>.......] - ETA: 1:31
392/500 [======================>.......] - ETA: 1:30
393/500 [======================>.......] - ETA: 1:29
394/500 [======================>.......] - ETA: 1:28
395/500 [======================>.......] - ETA: 1:28
396/500 [======================>.......] - ETA: 1:27
397/500 [======================>.......] - ETA: 1:26
398/500 [======================>.......] - ETA: 1:25
399/500 [======================>.......] - ETA: 1:24
400/500 [=======================>......] - ETA: 1:23
401/500 [=======================>......] - ETA: 1:22
402/500 [=======================>......] - ETA: 1:22
403/500 [=======================>......] - ETA: 1:21
404/500 [=======================>......] - ETA: 1:20
405/500 [=======================>......] - ETA: 1:19
406/500 [=======================>......] - ETA: 1:18
407/500 [=======================>......] - ETA: 1:17
408/500 [=======================>......] - ETA: 1:17
409/500 [=======================>......] - ETA: 1:16
410/500 [=======================>......] - ETA: 1:15
411/500 [=======================>......] - ETA: 1:14
412/500 [=======================>......] - ETA: 1:13
413/500 [=======================>......] - ETA: 1:12
414/500 [=======================>......] - ETA: 1:11
415/500 [=======================>......] - ETA: 1:11
416/500 [=======================>......] - ETA: 1:10
417/500 [========================>.....] - ETA: 1:09
418/500 [========================>.....] - ETA: 1:08
419/500 [========================>.....] - ETA: 1:07
420/500 [========================>.....] - ETA: 1:06
421/500 [========================>.....] - ETA: 1:06
422/500 [========================>.....] - ETA: 1:05
423/500 [========================>.....] - ETA: 1:04
424/500 [========================>.....] - ETA: 1:03
425/500 [========================>.....] - ETA: 1:02
426/500 [========================>.....] - ETA: 1:01
427/500 [========================>.....] - ETA: 1:01
428/500 [========================>.....] - ETA: 1:00
429/500 [========================>.....] - ETA: 59s 
430/500 [========================>.....] - ETA: 58s
431/500 [========================>.....] - ETA: 57s
432/500 [========================>.....] - ETA: 56s
433/500 [========================>.....] - ETA: 56s
434/500 [=========================>....] - ETA: 55s
435/500 [=========================>....] - ETA: 54s
436/500 [=========================>....] - ETA: 53s
437/500 [=========================>....] - ETA: 52s
438/500 [=========================>....] - ETA: 51s
439/500 [=========================>....] - ETA: 50s
440/500 [=========================>....] - ETA: 50s
441/500 [=========================>....] - ETA: 49s
442/500 [=========================>....] - ETA: 48s
443/500 [=========================>....] - ETA: 47s
444/500 [=========================>....] - ETA: 46s
445/500 [=========================>....] - ETA: 45s
446/500 [=========================>....] - ETA: 45s
447/500 [=========================>....] - ETA: 44s
448/500 [=========================>....] - ETA: 43s
449/500 [=========================>....] - ETA: 42s
450/500 [==========================>...] - ETA: 41s
451/500 [==========================>...] - ETA: 40s
452/500 [==========================>...] - ETA: 40s
453/500 [==========================>...] - ETA: 39s
454/500 [==========================>...] - ETA: 38s
455/500 [==========================>...] - ETA: 37s
456/500 [==========================>...] - ETA: 36s
457/500 [==========================>...] - ETA: 35s
458/500 [==========================>...] - ETA: 35s
459/500 [==========================>...] - ETA: 34s
460/500 [==========================>...] - ETA: 33s
461/500 [==========================>...] - ETA: 32s
462/500 [==========================>...] - ETA: 31s
463/500 [==========================>...] - ETA: 30s
464/500 [==========================>...] - ETA: 30s
465/500 [==========================>...] - ETA: 29s
466/500 [==========================>...] - ETA: 28s
467/500 [===========================>..] - ETA: 27s
468/500 [===========================>..] - ETA: 26s
469/500 [===========================>..] - ETA: 25s
470/500 [===========================>..] - ETA: 25s
471/500 [===========================>..] - ETA: 24s
472/500 [===========================>..] - ETA: 23s
473/500 [===========================>..] - ETA: 22s
474/500 [===========================>..] - ETA: 21s
475/500 [===========================>..] - ETA: 20s
476/500 [===========================>..] - ETA: 20s
477/500 [===========================>..] - ETA: 19s
478/500 [===========================>..] - ETA: 18s
479/500 [===========================>..] - ETA: 17s
480/500 [===========================>..] - ETA: 16s
481/500 [===========================>..] - ETA: 15s
482/500 [===========================>..] - ETA: 15s
483/500 [===========================>..] - ETA: 14s
484/500 [============================>.] - ETA: 13s
485/500 [============================>.] - ETA: 12s
486/500 [============================>.] - ETA: 11s
487/500 [============================>.] - ETA: 10s
488/500 [============================>.] - ETA: 10s
489/500 [============================>.] - ETA: 9s 
490/500 [============================>.] - ETA: 8s
491/500 [============================>.] - ETA: 7s
492/500 [============================>.] - ETA: 6s
493/500 [============================>.] - ETA: 5s
494/500 [============================>.] - ETA: 4s
495/500 [============================>.] - ETA: 4s
496/500 [============================>.] - ETA: 3s
497/500 [============================>.] - ETA: 2s
498/500 [============================>.] - ETA: 1s
499/500 [============================>.] - ETA: 0s

protection cost 417.584964 s
Finished Protecting Images at: 2020-10-02 03:51:03.868509
Finished Merging Faces at: 2020-10-02 03:51:03.879369
Done! and Finished Exporting File at: 2020-10-02 03:51:03.920666
