Finished Fawkes CLI tools argument setup at: 2020-10-02 04:45:44.968074
Finished Loading Images Paths at: 2020-10-02 04:45:44.968766
Finished Initializing Fawkes at: 2020-10-02 04:45:55.760617
Start running protection at: 2020-10-02 04:45:55.760641
Fininshed Setting Parameters at: 2020-10-02 04:45:55.760659
Identify 10 files in the directory
Identify 10 images in the directory
Finished Loading Images at: 2020-10-02 04:45:55.802994
Find 1 face(s) in 6.jpg
Find 1 face(s) in 9.jpg
Find 1 face(s) in 2.jpg
Find 1 face(s) in 4.jpg
Find 1 face(s) in 0.jpg
Find 1 face(s) in 5.jpg
Find 1 face(s) in 3.jpg
Find 1 face(s) in 7.jpg
Find 1 face(s) in 8.jpg
Find 1 face(s) in 1.jpg
Finished Detecting Faces In The Images at: 2020-10-02 04:45:57.270200
target ID: 15372
Finished All Images Target Embedding at: 2020-10-02 04:46:01.739055
Finished Initializing Fawkes Protector at: 2020-10-02 04:46:16.910848
10 batches in total
processing image 1 at 2020-10-02 04:46:16.916497

 0/20 [..............................] - ETA: 0s
 1/20 [>.............................] - ETA: 3:46
 2/20 [==>...........................] - ETA: 1:55
 3/20 [===>..........................] - ETA: 1:17
 4/20 [=====>........................] - ETA: 57s 
 5/20 [======>.......................] - ETA: 45s
 6/20 [========>.....................] - ETA: 37s
 7/20 [=========>....................] - ETA: 31s
 8/20 [===========>..................] - ETA: 26s
 9/20 [============>.................] - ETA: 22s
10/20 [==============>...............] - ETA: 19s
11/20 [===============>..............] - ETA: 16s
12/20 [=================>............] - ETA: 13s
13/20 [==================>...........] - ETA: 11s
14/20 [====================>.........] - ETA: 9s 
15/20 [=====================>........] - ETA: 7s
16/20 [=======================>......] - ETA: 6s
17/20 [========================>.....] - ETA: 4s
18/20 [==========================>...] - ETA: 2s
19/20 [===========================>..] - ETA: 1s

processing image 2 at 2020-10-02 04:46:45.517777

 0/20 [..............................] - ETA: 0s
 1/20 [>.............................] - ETA: 30s
 2/20 [==>...........................] - ETA: 22s
 3/20 [===>..........................] - ETA: 18s
 4/20 [=====>........................] - ETA: 16s
 5/20 [======>.......................] - ETA: 14s
 6/20 [========>.....................] - ETA: 13s
 7/20 [=========>....................] - ETA: 12s
 8/20 [===========>..................] - ETA: 11s
 9/20 [============>.................] - ETA: 10s
10/20 [==============>...............] - ETA: 9s 
11/20 [===============>..............] - ETA: 8s
12/20 [=================>............] - ETA: 7s
13/20 [==================>...........] - ETA: 6s
14/20 [====================>.........] - ETA: 5s
15/20 [=====================>........] - ETA: 4s
16/20 [=======================>......] - ETA: 3s
17/20 [========================>.....] - ETA: 2s
18/20 [==========================>...] - ETA: 1s
19/20 [===========================>..] - ETA: 0s

processing image 3 at 2020-10-02 04:47:01.998072

 0/20 [..............................] - ETA: 0s
 1/20 [>.............................] - ETA: 31s
 2/20 [==>...........................] - ETA: 22s
 3/20 [===>..........................] - ETA: 18s
 4/20 [=====>........................] - ETA: 16s
 5/20 [======>.......................] - ETA: 14s
 6/20 [========>.....................] - ETA: 13s
 7/20 [=========>....................] - ETA: 12s
 8/20 [===========>..................] - ETA: 11s
 9/20 [============>.................] - ETA: 10s
10/20 [==============>...............] - ETA: 9s 
11/20 [===============>..............] - ETA: 8s
12/20 [=================>............] - ETA: 7s
13/20 [==================>...........] - ETA: 6s
14/20 [====================>.........] - ETA: 5s
15/20 [=====================>........] - ETA: 4s
16/20 [=======================>......] - ETA: 3s
17/20 [========================>.....] - ETA: 2s
18/20 [==========================>...] - ETA: 1s
19/20 [===========================>..] - ETA: 0s

processing image 4 at 2020-10-02 04:47:18.479994

 0/20 [..............................] - ETA: 0s
 1/20 [>.............................] - ETA: 31s
 2/20 [==>...........................] - ETA: 22s
 3/20 [===>..........................] - ETA: 18s
 4/20 [=====>........................] - ETA: 16s
 5/20 [======>.......................] - ETA: 14s
 6/20 [========>.....................] - ETA: 13s
 7/20 [=========>....................] - ETA: 12s
 8/20 [===========>..................] - ETA: 10s
 9/20 [============>.................] - ETA: 9s 
10/20 [==============>...............] - ETA: 8s
11/20 [===============>..............] - ETA: 7s
12/20 [=================>............] - ETA: 7s
13/20 [==================>...........] - ETA: 6s
14/20 [====================>.........] - ETA: 5s
15/20 [=====================>........] - ETA: 4s
16/20 [=======================>......] - ETA: 3s
17/20 [========================>.....] - ETA: 2s
18/20 [==========================>...] - ETA: 1s
19/20 [===========================>..] - ETA: 0s

processing image 5 at 2020-10-02 04:47:34.755647

 0/20 [..............................] - ETA: 0s
 1/20 [>.............................] - ETA: 31s
 2/20 [==>...........................] - ETA: 22s
 3/20 [===>..........................] - ETA: 18s
 4/20 [=====>........................] - ETA: 16s
 5/20 [======>.......................] - ETA: 14s
 6/20 [========>.....................] - ETA: 13s
 7/20 [=========>....................] - ETA: 12s
 8/20 [===========>..................] - ETA: 11s
 9/20 [============>.................] - ETA: 9s 
10/20 [==============>...............] - ETA: 8s
11/20 [===============>..............] - ETA: 8s
12/20 [=================>............] - ETA: 7s
13/20 [==================>...........] - ETA: 6s
14/20 [====================>.........] - ETA: 5s
15/20 [=====================>........] - ETA: 4s
16/20 [=======================>......] - ETA: 3s
17/20 [========================>.....] - ETA: 2s
18/20 [==========================>...] - ETA: 1s
19/20 [===========================>..] - ETA: 0s

processing image 6 at 2020-10-02 04:47:51.022093

 0/20 [..............................] - ETA: 0s
 1/20 [>.............................] - ETA: 30s
 2/20 [==>...........................] - ETA: 21s
 3/20 [===>..........................] - ETA: 18s
 4/20 [=====>........................] - ETA: 16s
 5/20 [======>.......................] - ETA: 14s
 6/20 [========>.....................] - ETA: 13s
 7/20 [=========>....................] - ETA: 11s
 8/20 [===========>..................] - ETA: 10s
 9/20 [============>.................] - ETA: 9s 
10/20 [==============>...............] - ETA: 8s
11/20 [===============>..............] - ETA: 7s
12/20 [=================>............] - ETA: 6s
13/20 [==================>...........] - ETA: 6s
14/20 [====================>.........] - ETA: 5s
15/20 [=====================>........] - ETA: 4s
16/20 [=======================>......] - ETA: 3s
17/20 [========================>.....] - ETA: 2s
18/20 [==========================>...] - ETA: 1s
19/20 [===========================>..] - ETA: 0s

processing image 7 at 2020-10-02 04:48:07.090735

 0/20 [..............................] - ETA: 0s
 1/20 [>.............................] - ETA: 31s
 2/20 [==>...........................] - ETA: 22s
 3/20 [===>..........................] - ETA: 18s
 4/20 [=====>........................] - ETA: 16s
 5/20 [======>.......................] - ETA: 14s
 6/20 [========>.....................] - ETA: 13s
 7/20 [=========>....................] - ETA: 12s
 8/20 [===========>..................] - ETA: 11s
 9/20 [============>.................] - ETA: 9s 
10/20 [==============>...............] - ETA: 8s
11/20 [===============>..............] - ETA: 7s
12/20 [=================>............] - ETA: 7s
13/20 [==================>...........] - ETA: 6s
14/20 [====================>.........] - ETA: 5s
15/20 [=====================>........] - ETA: 4s
16/20 [=======================>......] - ETA: 3s
17/20 [========================>.....] - ETA: 2s
18/20 [==========================>...] - ETA: 1s
19/20 [===========================>..] - ETA: 0s

processing image 8 at 2020-10-02 04:48:23.229146

 0/20 [..............................] - ETA: 0s
 1/20 [>.............................] - ETA: 30s
 2/20 [==>...........................] - ETA: 21s
 3/20 [===>..........................] - ETA: 18s
 4/20 [=====>........................] - ETA: 16s
 5/20 [======>.......................] - ETA: 14s
 6/20 [========>.....................] - ETA: 13s
 7/20 [=========>....................] - ETA: 12s
 8/20 [===========>..................] - ETA: 10s
 9/20 [============>.................] - ETA: 9s 
10/20 [==============>...............] - ETA: 8s
11/20 [===============>..............] - ETA: 7s
12/20 [=================>............] - ETA: 7s
13/20 [==================>...........] - ETA: 6s
14/20 [====================>.........] - ETA: 5s
15/20 [=====================>........] - ETA: 4s
16/20 [=======================>......] - ETA: 3s
17/20 [========================>.....] - ETA: 2s
18/20 [==========================>...] - ETA: 1s
19/20 [===========================>..] - ETA: 0s

processing image 9 at 2020-10-02 04:48:39.395461

 0/20 [..............................] - ETA: 0s
 1/20 [>.............................] - ETA: 30s
 2/20 [==>...........................] - ETA: 21s
 3/20 [===>..........................] - ETA: 18s
 4/20 [=====>........................] - ETA: 16s
 5/20 [======>.......................] - ETA: 14s
 6/20 [========>.....................] - ETA: 13s
 7/20 [=========>....................] - ETA: 12s
 8/20 [===========>..................] - ETA: 10s
 9/20 [============>.................] - ETA: 9s 
10/20 [==============>...............] - ETA: 8s
11/20 [===============>..............] - ETA: 7s
12/20 [=================>............] - ETA: 7s
13/20 [==================>...........] - ETA: 6s
14/20 [====================>.........] - ETA: 5s
15/20 [=====================>........] - ETA: 4s
16/20 [=======================>......] - ETA: 3s
17/20 [========================>.....] - ETA: 2s
18/20 [==========================>...] - ETA: 1s
19/20 [===========================>..] - ETA: 0s

processing image 10 at 2020-10-02 04:48:55.530910

 0/20 [..............................] - ETA: 0s
 1/20 [>.............................] - ETA: 31s
 2/20 [==>...........................] - ETA: 22s
 3/20 [===>..........................] - ETA: 18s
 4/20 [=====>........................] - ETA: 16s
 5/20 [======>.......................] - ETA: 14s
 6/20 [========>.....................] - ETA: 13s
 7/20 [=========>....................] - ETA: 12s
 8/20 [===========>..................] - ETA: 10s
 9/20 [============>.................] - ETA: 9s 
10/20 [==============>...............] - ETA: 8s
11/20 [===============>..............] - ETA: 7s
12/20 [=================>............] - ETA: 7s
13/20 [==================>...........] - ETA: 6s
14/20 [====================>.........] - ETA: 5s
15/20 [=====================>........] - ETA: 4s
16/20 [=======================>......] - ETA: 3s
17/20 [========================>.....] - ETA: 2s
18/20 [==========================>...] - ETA: 1s
19/20 [===========================>..] - ETA: 0s

protection cost 174.773513 s
Finished Protecting Images at: 2020-10-02 04:49:11.692571
Finished Merging Faces at: 2020-10-02 04:49:11.793967
Done! and Finished Exporting File at: 2020-10-02 04:49:12.342964
