Finished Fawkes CLI tools argument setup at: 2020-10-02 03:53:34.687811
Finished Loading Images Paths at: 2020-10-02 03:53:34.688092
Finished Initializing Fawkes at: 2020-10-02 03:53:45.462760
Start running protection at: 2020-10-02 03:53:45.462783
Fininshed Setting Parameters at: 2020-10-02 03:53:45.462802
Identify 1 files in the directory
Identify 1 images in the directory
Finished Loading Images at: 2020-10-02 03:53:45.470161
Find 1 face(s) in 0.jpg
Finished Detecting Faces In The Images at: 2020-10-02 03:53:46.233082
target ID: 20794
Finished All Images Target Embedding at: 2020-10-02 03:53:49.655187
Finished Initializing Fawkes Protector at: 2020-10-02 03:54:04.781562
1 batches in total
processing image 1 at 2020-10-02 03:54:04.782189

  0/200 [..............................] - ETA: 0s
  1/200 [..............................] - ETA: 38:00
  2/200 [..............................] - ETA: 20:17
  3/200 [..............................] - ETA: 14:23
  4/200 [..............................] - ETA: 11:25
  5/200 [..............................] - ETA: 9:37 
  6/200 [..............................] - ETA: 8:26
  7/200 [>.............................] - ETA: 7:35
  8/200 [>.............................] - ETA: 6:56
  9/200 [>.............................] - ETA: 6:26
 10/200 [>.............................] - ETA: 6:02
 11/200 [>.............................] - ETA: 5:41
 12/200 [>.............................] - ETA: 5:24
 13/200 [>.............................] - ETA: 5:09
 14/200 [=>............................] - ETA: 4:57
 15/200 [=>............................] - ETA: 4:45
 16/200 [=>............................] - ETA: 4:35
 17/200 [=>............................] - ETA: 4:27
 18/200 [=>............................] - ETA: 4:19
 19/200 [=>............................] - ETA: 4:12
 20/200 [==>...........................] - ETA: 4:06
 21/200 [==>...........................] - ETA: 4:00
 22/200 [==>...........................] - ETA: 3:54
 23/200 [==>...........................] - ETA: 3:49
 24/200 [==>...........................] - ETA: 3:44
 25/200 [==>...........................] - ETA: 3:40
 26/200 [==>...........................] - ETA: 3:36
 27/200 [===>..........................] - ETA: 3:32
 28/200 [===>..........................] - ETA: 3:28
 29/200 [===>..........................] - ETA: 3:24
 30/200 [===>..........................] - ETA: 3:21
 31/200 [===>..........................] - ETA: 3:18
 32/200 [===>..........................] - ETA: 3:15
 33/200 [===>..........................] - ETA: 3:12
 34/200 [====>.........................] - ETA: 3:09
 35/200 [====>.........................] - ETA: 3:07
 36/200 [====>.........................] - ETA: 3:04
 37/200 [====>.........................] - ETA: 3:02
 38/200 [====>.........................] - ETA: 2:59
 39/200 [====>.........................] - ETA: 2:57
 40/200 [=====>........................] - ETA: 2:55
 41/200 [=====>........................] - ETA: 2:53
 42/200 [=====>........................] - ETA: 2:51
 43/200 [=====>........................] - ETA: 2:48
 44/200 [=====>........................] - ETA: 2:46
 45/200 [=====>........................] - ETA: 2:45
 46/200 [=====>........................] - ETA: 2:43
 47/200 [======>.......................] - ETA: 2:41
 48/200 [======>.......................] - ETA: 2:39
 49/200 [======>.......................] - ETA: 2:37
 50/200 [======>.......................] - ETA: 2:35
 51/200 [======>.......................] - ETA: 2:34
 52/200 [======>.......................] - ETA: 2:32
 53/200 [======>.......................] - ETA: 2:30
 54/200 [=======>......................] - ETA: 2:29
 55/200 [=======>......................] - ETA: 2:27
 56/200 [=======>......................] - ETA: 2:26
 57/200 [=======>......................] - ETA: 2:24
 58/200 [=======>......................] - ETA: 2:23
 59/200 [=======>......................] - ETA: 2:21
 60/200 [========>.....................] - ETA: 2:20
 61/200 [========>.....................] - ETA: 2:19
 62/200 [========>.....................] - ETA: 2:17
 63/200 [========>.....................] - ETA: 2:16
 64/200 [========>.....................] - ETA: 2:14
 65/200 [========>.....................] - ETA: 2:13
 66/200 [========>.....................] - ETA: 2:12
 67/200 [=========>....................] - ETA: 2:11
 68/200 [=========>....................] - ETA: 2:09
 69/200 [=========>....................] - ETA: 2:08
 70/200 [=========>....................] - ETA: 2:07
 71/200 [=========>....................] - ETA: 2:05
 72/200 [=========>....................] - ETA: 2:04
 73/200 [=========>....................] - ETA: 2:03
 74/200 [==========>...................] - ETA: 2:02
 75/200 [==========>...................] - ETA: 2:00
 76/200 [==========>...................] - ETA: 1:59
 77/200 [==========>...................] - ETA: 1:58
 78/200 [==========>...................] - ETA: 1:57
 79/200 [==========>...................] - ETA: 1:56
 80/200 [===========>..................] - ETA: 1:54
 81/200 [===========>..................] - ETA: 1:53
 82/200 [===========>..................] - ETA: 1:52
 83/200 [===========>..................] - ETA: 1:51
 84/200 [===========>..................] - ETA: 1:50
 85/200 [===========>..................] - ETA: 1:49
 86/200 [===========>..................] - ETA: 1:48
 87/200 [============>.................] - ETA: 1:46
 88/200 [============>.................] - ETA: 1:45
 89/200 [============>.................] - ETA: 1:44
 90/200 [============>.................] - ETA: 1:43
 91/200 [============>.................] - ETA: 1:42
 92/200 [============>.................] - ETA: 1:41
 93/200 [============>.................] - ETA: 1:40
 94/200 [=============>................] - ETA: 1:39
 95/200 [=============>................] - ETA: 1:38
 96/200 [=============>................] - ETA: 1:37
 97/200 [=============>................] - ETA: 1:36
 98/200 [=============>................] - ETA: 1:35
 99/200 [=============>................] - ETA: 1:34
100/200 [==============>...............] - ETA: 1:33
101/200 [==============>...............] - ETA: 1:32
102/200 [==============>...............] - ETA: 1:30
103/200 [==============>...............] - ETA: 1:29
104/200 [==============>...............] - ETA: 1:28
105/200 [==============>...............] - ETA: 1:27
106/200 [==============>...............] - ETA: 1:26
107/200 [===============>..............] - ETA: 1:25
108/200 [===============>..............] - ETA: 1:24
109/200 [===============>..............] - ETA: 1:23
110/200 [===============>..............] - ETA: 1:22
111/200 [===============>..............] - ETA: 1:21
112/200 [===============>..............] - ETA: 1:20
113/200 [===============>..............] - ETA: 1:19
114/200 [================>.............] - ETA: 1:18
115/200 [================>.............] - ETA: 1:17
116/200 [================>.............] - ETA: 1:16
117/200 [================>.............] - ETA: 1:16
118/200 [================>.............] - ETA: 1:15
119/200 [================>.............] - ETA: 1:14
120/200 [=================>............] - ETA: 1:13
121/200 [=================>............] - ETA: 1:12
122/200 [=================>............] - ETA: 1:11
123/200 [=================>............] - ETA: 1:10
124/200 [=================>............] - ETA: 1:09
125/200 [=================>............] - ETA: 1:08
126/200 [=================>............] - ETA: 1:07
127/200 [==================>...........] - ETA: 1:06
128/200 [==================>...........] - ETA: 1:05
129/200 [==================>...........] - ETA: 1:04
130/200 [==================>...........] - ETA: 1:03
131/200 [==================>...........] - ETA: 1:02
132/200 [==================>...........] - ETA: 1:01
133/200 [==================>...........] - ETA: 1:00
134/200 [===================>..........] - ETA: 59s 
135/200 [===================>..........] - ETA: 58s
136/200 [===================>..........] - ETA: 57s
137/200 [===================>..........] - ETA: 56s
138/200 [===================>..........] - ETA: 55s
139/200 [===================>..........] - ETA: 54s
140/200 [====================>.........] - ETA: 53s
141/200 [====================>.........] - ETA: 53s
142/200 [====================>.........] - ETA: 52s
143/200 [====================>.........] - ETA: 51s
144/200 [====================>.........] - ETA: 50s
145/200 [====================>.........] - ETA: 49s
146/200 [====================>.........] - ETA: 48s
147/200 [=====================>........] - ETA: 47s
148/200 [=====================>........] - ETA: 46s
149/200 [=====================>........] - ETA: 45s
150/200 [=====================>........] - ETA: 44s
151/200 [=====================>........] - ETA: 43s
152/200 [=====================>........] - ETA: 42s
153/200 [=====================>........] - ETA: 41s
154/200 [======================>.......] - ETA: 41s
155/200 [======================>.......] - ETA: 40s
156/200 [======================>.......] - ETA: 39s
157/200 [======================>.......] - ETA: 38s
158/200 [======================>.......] - ETA: 37s
159/200 [======================>.......] - ETA: 36s
160/200 [=======================>......] - ETA: 35s
161/200 [=======================>......] - ETA: 34s
162/200 [=======================>......] - ETA: 33s
163/200 [=======================>......] - ETA: 32s
164/200 [=======================>......] - ETA: 31s
165/200 [=======================>......] - ETA: 31s
166/200 [=======================>......] - ETA: 30s
167/200 [========================>.....] - ETA: 29s
168/200 [========================>.....] - ETA: 28s
169/200 [========================>.....] - ETA: 27s
170/200 [========================>.....] - ETA: 26s
171/200 [========================>.....] - ETA: 25s
172/200 [========================>.....] - ETA: 24s
173/200 [========================>.....] - ETA: 23s
174/200 [=========================>....] - ETA: 23s
175/200 [=========================>....] - ETA: 22s
176/200 [=========================>....] - ETA: 21s
177/200 [=========================>....] - ETA: 20s
178/200 [=========================>....] - ETA: 19s
179/200 [=========================>....] - ETA: 18s
180/200 [==========================>...] - ETA: 17s
181/200 [==========================>...] - ETA: 16s
182/200 [==========================>...] - ETA: 15s
183/200 [==========================>...] - ETA: 14s
184/200 [==========================>...] - ETA: 14s
185/200 [==========================>...] - ETA: 13s
186/200 [==========================>...] - ETA: 12s
187/200 [===========================>..] - ETA: 11s
188/200 [===========================>..] - ETA: 10s
189/200 [===========================>..] - ETA: 9s 
190/200 [===========================>..] - ETA: 8s
191/200 [===========================>..] - ETA: 7s
192/200 [===========================>..] - ETA: 7s
193/200 [===========================>..] - ETA: 6s
194/200 [============================>.] - ETA: 5s
195/200 [============================>.] - ETA: 4s
196/200 [============================>.] - ETA: 3s
197/200 [============================>.] - ETA: 2s
198/200 [============================>.] - ETA: 1s
199/200 [============================>.] - ETA: 0s

protection cost 176.213915 s
Finished Protecting Images at: 2020-10-02 03:57:00.996357
Finished Merging Faces at: 2020-10-02 03:57:01.007436
Done! and Finished Exporting File at: 2020-10-02 03:57:01.048758
