Finished Fawkes CLI tools argument setup at: 2020-10-02 05:00:26.920125
Finished Loading Images Paths at: 2020-10-02 05:00:26.920417
Finished Initializing Fawkes at: 2020-10-02 05:00:37.532154
Start running protection at: 2020-10-02 05:00:37.532179
Fininshed Setting Parameters at: 2020-10-02 05:00:37.532535
Identify 5 files in the directory
Identify 5 images in the directory
Finished Loading Images at: 2020-10-02 05:00:37.551383
Find 1 face(s) in 2.jpg
Find 1 face(s) in 4.jpg
Find 1 face(s) in 0.jpg
Find 1 face(s) in 3.jpg
Find 1 face(s) in 1.jpg
Finished Detecting Faces In The Images at: 2020-10-02 05:00:38.612249
target ID: 4609
Finished All Images Target Embedding at: 2020-10-02 05:00:42.752796
Finished Initializing Fawkes Protector at: 2020-10-02 05:00:57.679217
5 batches in total
processing image 1 at 2020-10-02 05:00:57.682078

 0/20 [..............................] - ETA: 0s
 1/20 [>.............................] - ETA: 3:48
 2/20 [==>...........................] - ETA: 1:55
 3/20 [===>..........................] - ETA: 1:17
 4/20 [=====>........................] - ETA: 58s 
 5/20 [======>.......................] - ETA: 46s
 6/20 [========>.....................] - ETA: 37s
 7/20 [=========>....................] - ETA: 31s
 8/20 [===========>..................] - ETA: 26s
 9/20 [============>.................] - ETA: 22s
10/20 [==============>...............] - ETA: 19s
11/20 [===============>..............] - ETA: 16s
12/20 [=================>............] - ETA: 14s
13/20 [==================>...........] - ETA: 11s
14/20 [====================>.........] - ETA: 9s 
15/20 [=====================>........] - ETA: 7s
16/20 [=======================>......] - ETA: 6s
17/20 [========================>.....] - ETA: 4s
18/20 [==========================>...] - ETA: 2s
19/20 [===========================>..] - ETA: 1s

processing image 2 at 2020-10-02 05:01:26.491091

 0/20 [..............................] - ETA: 0s
 1/20 [>.............................] - ETA: 32s
 2/20 [==>...........................] - ETA: 22s
 3/20 [===>..........................] - ETA: 19s
 4/20 [=====>........................] - ETA: 16s
 5/20 [======>.......................] - ETA: 15s
 6/20 [========>.....................] - ETA: 13s
 7/20 [=========>....................] - ETA: 12s
 8/20 [===========>..................] - ETA: 11s
 9/20 [============>.................] - ETA: 10s
10/20 [==============>...............] - ETA: 9s 
11/20 [===============>..............] - ETA: 8s
12/20 [=================>............] - ETA: 7s
13/20 [==================>...........] - ETA: 6s
14/20 [====================>.........] - ETA: 5s
15/20 [=====================>........] - ETA: 4s
16/20 [=======================>......] - ETA: 3s
17/20 [========================>.....] - ETA: 2s
18/20 [==========================>...] - ETA: 1s
19/20 [===========================>..] - ETA: 0s

processing image 3 at 2020-10-02 05:01:43.145170

 0/20 [..............................] - ETA: 0s
 1/20 [>.............................] - ETA: 31s
 2/20 [==>...........................] - ETA: 22s
 3/20 [===>..........................] - ETA: 18s
 4/20 [=====>........................] - ETA: 16s
 5/20 [======>.......................] - ETA: 14s
 6/20 [========>.....................] - ETA: 13s
 7/20 [=========>....................] - ETA: 12s
 8/20 [===========>..................] - ETA: 11s
 9/20 [============>.................] - ETA: 10s
10/20 [==============>...............] - ETA: 9s 
11/20 [===============>..............] - ETA: 8s
12/20 [=================>............] - ETA: 7s
13/20 [==================>...........] - ETA: 6s
14/20 [====================>.........] - ETA: 5s
15/20 [=====================>........] - ETA: 4s
16/20 [=======================>......] - ETA: 3s
17/20 [========================>.....] - ETA: 2s
18/20 [==========================>...] - ETA: 1s
19/20 [===========================>..] - ETA: 0s

processing image 4 at 2020-10-02 05:01:59.500314

 0/20 [..............................] - ETA: 0s
 1/20 [>.............................] - ETA: 30s
 2/20 [==>...........................] - ETA: 22s
 3/20 [===>..........................] - ETA: 18s
 4/20 [=====>........................] - ETA: 16s
 5/20 [======>.......................] - ETA: 14s
 6/20 [========>.....................] - ETA: 13s
 7/20 [=========>....................] - ETA: 12s
 8/20 [===========>..................] - ETA: 11s
 9/20 [============>.................] - ETA: 10s
10/20 [==============>...............] - ETA: 9s 
11/20 [===============>..............] - ETA: 8s
12/20 [=================>............] - ETA: 7s
13/20 [==================>...........] - ETA: 6s
14/20 [====================>.........] - ETA: 5s
15/20 [=====================>........] - ETA: 4s
16/20 [=======================>......] - ETA: 3s
17/20 [========================>.....] - ETA: 2s
18/20 [==========================>...] - ETA: 1s
19/20 [===========================>..] - ETA: 0s

processing image 5 at 2020-10-02 05:02:15.787018

 0/20 [..............................] - ETA: 0s
 1/20 [>.............................] - ETA: 31s
 2/20 [==>...........................] - ETA: 22s
 3/20 [===>..........................] - ETA: 18s
 4/20 [=====>........................] - ETA: 16s
 5/20 [======>.......................] - ETA: 14s
 6/20 [========>.....................] - ETA: 13s
 7/20 [=========>....................] - ETA: 12s
 8/20 [===========>..................] - ETA: 10s
 9/20 [============>.................] - ETA: 9s 
10/20 [==============>...............] - ETA: 8s
11/20 [===============>..............] - ETA: 8s
12/20 [=================>............] - ETA: 7s
13/20 [==================>...........] - ETA: 6s
14/20 [====================>.........] - ETA: 5s
15/20 [=====================>........] - ETA: 4s
16/20 [=======================>......] - ETA: 3s
17/20 [========================>.....] - ETA: 2s
18/20 [==========================>...] - ETA: 1s
19/20 [===========================>..] - ETA: 0s

protection cost 94.545022 s
Finished Protecting Images at: 2020-10-02 05:02:32.228365
Finished Merging Faces at: 2020-10-02 05:02:32.279376
Done! and Finished Exporting File at: 2020-10-02 05:02:32.550331
