Finished Fawkes CLI tools argument setup at: 2020-10-02 04:19:02.994681
Finished Loading Images Paths at: 2020-10-02 04:19:02.994962
Finished Initializing Fawkes at: 2020-10-02 04:19:13.662323
Start running protection at: 2020-10-02 04:19:13.662347
Fininshed Setting Parameters at: 2020-10-02 04:19:13.662365
Identify 1 files in the directory
Identify 1 images in the directory
Finished Loading Images at: 2020-10-02 04:19:13.669706
Find 1 face(s) in 0.jpg
Finished Detecting Faces In The Images at: 2020-10-02 04:19:14.437685
target ID: 20704
Finished All Images Target Embedding at: 2020-10-02 04:19:17.926060
Finished Initializing Fawkes Protector at: 2020-10-02 04:19:32.866804
1 batches in total
processing image 1 at 2020-10-02 04:19:32.867431

 0/50 [..............................] - ETA: 0s
 1/50 [..............................] - ETA: 9:23
 2/50 [>.............................] - ETA: 4:55
 3/50 [>.............................] - ETA: 3:26
 4/50 [=>............................] - ETA: 2:40
 5/50 [==>...........................] - ETA: 2:13
 6/50 [==>...........................] - ETA: 1:54
 7/50 [===>..........................] - ETA: 1:40
 8/50 [===>..........................] - ETA: 1:30
 9/50 [====>.........................] - ETA: 1:22
10/50 [=====>........................] - ETA: 1:15
11/50 [=====>........................] - ETA: 1:09
12/50 [======>.......................] - ETA: 1:04
13/50 [======>.......................] - ETA: 1:00
14/50 [=======>......................] - ETA: 56s 
15/50 [========>.....................] - ETA: 53s
16/50 [========>.....................] - ETA: 50s
17/50 [=========>....................] - ETA: 47s
18/50 [=========>....................] - ETA: 45s
19/50 [==========>...................] - ETA: 42s
20/50 [===========>..................] - ETA: 40s
21/50 [===========>..................] - ETA: 38s
22/50 [============>.................] - ETA: 36s
23/50 [============>.................] - ETA: 34s
24/50 [=============>................] - ETA: 32s
25/50 [==============>...............] - ETA: 31s
26/50 [==============>...............] - ETA: 29s
27/50 [===============>..............] - ETA: 27s
28/50 [===============>..............] - ETA: 26s
29/50 [================>.............] - ETA: 24s
30/50 [=================>............] - ETA: 23s
31/50 [=================>............] - ETA: 22s
32/50 [==================>...........] - ETA: 20s
33/50 [==================>...........] - ETA: 19s
34/50 [===================>..........] - ETA: 18s
35/50 [====================>.........] - ETA: 16s
36/50 [====================>.........] - ETA: 15s
37/50 [=====================>........] - ETA: 14s
38/50 [=====================>........] - ETA: 13s
39/50 [======================>.......] - ETA: 12s
40/50 [=======================>......] - ETA: 10s
41/50 [=======================>......] - ETA: 9s 
42/50 [========================>.....] - ETA: 8s
43/50 [========================>.....] - ETA: 7s
44/50 [=========================>....] - ETA: 6s
45/50 [==========================>...] - ETA: 5s
46/50 [==========================>...] - ETA: 4s
47/50 [===========================>..] - ETA: 3s
48/50 [===========================>..] - ETA: 2s
49/50 [============================>.] - ETA: 1s

protection cost 52.745397 s
Finished Protecting Images at: 2020-10-02 04:20:25.613085
Finished Merging Faces at: 2020-10-02 04:20:25.624082
Done! and Finished Exporting File at: 2020-10-02 04:20:25.665543
