Finished Fawkes CLI tools argument setup at: 2020-10-02 04:49:14.917665
Finished Loading Images Paths at: 2020-10-02 04:49:14.917964
Finished Initializing Fawkes at: 2020-10-02 04:49:25.591605
Start running protection at: 2020-10-02 04:49:25.591630
Fininshed Setting Parameters at: 2020-10-02 04:49:25.591648
Identify 5 files in the directory
Identify 5 images in the directory
Finished Loading Images at: 2020-10-02 04:49:25.610618
Find 1 face(s) in 2.jpg
Find 1 face(s) in 4.jpg
Find 1 face(s) in 0.jpg
Find 1 face(s) in 3.jpg
Find 1 face(s) in 1.jpg
Finished Detecting Faces In The Images at: 2020-10-02 04:49:26.683790
target ID: 20210
Finished All Images Target Embedding at: 2020-10-02 04:49:30.391522
Finished Initializing Fawkes Protector at: 2020-10-02 04:49:45.496951
5 batches in total
processing image 1 at 2020-10-02 04:49:45.499845

 0/20 [..............................] - ETA: 0s
 1/20 [>.............................] - ETA: 3:44
 2/20 [==>...........................] - ETA: 1:53
 3/20 [===>..........................] - ETA: 1:16
 4/20 [=====>........................] - ETA: 57s 
 5/20 [======>.......................] - ETA: 45s
 6/20 [========>.....................] - ETA: 37s
 7/20 [=========>....................] - ETA: 31s
 8/20 [===========>..................] - ETA: 26s
 9/20 [============>.................] - ETA: 22s
10/20 [==============>...............] - ETA: 19s
11/20 [===============>..............] - ETA: 16s
12/20 [=================>............] - ETA: 13s
13/20 [==================>...........] - ETA: 11s
14/20 [====================>.........] - ETA: 9s 
15/20 [=====================>........] - ETA: 7s
16/20 [=======================>......] - ETA: 6s
17/20 [========================>.....] - ETA: 4s
18/20 [==========================>...] - ETA: 2s
19/20 [===========================>..] - ETA: 1s

processing image 2 at 2020-10-02 04:50:13.959499

 0/20 [..............................] - ETA: 0s
 1/20 [>.............................] - ETA: 31s
 2/20 [==>...........................] - ETA: 22s
 3/20 [===>..........................] - ETA: 18s
 4/20 [=====>........................] - ETA: 16s
 5/20 [======>.......................] - ETA: 14s
 6/20 [========>.....................] - ETA: 13s
 7/20 [=========>....................] - ETA: 12s
 8/20 [===========>..................] - ETA: 11s
 9/20 [============>.................] - ETA: 9s 
10/20 [==============>...............] - ETA: 8s
11/20 [===============>..............] - ETA: 8s
12/20 [=================>............] - ETA: 7s
13/20 [==================>...........] - ETA: 6s
14/20 [====================>.........] - ETA: 5s
15/20 [=====================>........] - ETA: 4s
16/20 [=======================>......] - ETA: 3s
17/20 [========================>.....] - ETA: 2s
18/20 [==========================>...] - ETA: 1s
19/20 [===========================>..] - ETA: 0s

processing image 3 at 2020-10-02 04:50:30.298212

 0/20 [..............................] - ETA: 0s
 1/20 [>.............................] - ETA: 31s
 2/20 [==>...........................] - ETA: 22s
 3/20 [===>..........................] - ETA: 18s
 4/20 [=====>........................] - ETA: 16s
 5/20 [======>.......................] - ETA: 14s
 6/20 [========>.....................] - ETA: 13s
 7/20 [=========>....................] - ETA: 11s
 8/20 [===========>..................] - ETA: 10s
 9/20 [============>.................] - ETA: 9s 
10/20 [==============>...............] - ETA: 8s
11/20 [===============>..............] - ETA: 7s
12/20 [=================>............] - ETA: 7s
13/20 [==================>...........] - ETA: 6s
14/20 [====================>.........] - ETA: 5s
15/20 [=====================>........] - ETA: 4s
16/20 [=======================>......] - ETA: 3s
17/20 [========================>.....] - ETA: 2s
18/20 [==========================>...] - ETA: 1s
19/20 [===========================>..] - ETA: 0s

processing image 4 at 2020-10-02 04:50:46.457472

 0/20 [..............................] - ETA: 0s
 1/20 [>.............................] - ETA: 30s
 2/20 [==>...........................] - ETA: 21s
 3/20 [===>..........................] - ETA: 18s
 4/20 [=====>........................] - ETA: 16s
 5/20 [======>.......................] - ETA: 14s
 6/20 [========>.....................] - ETA: 13s
 7/20 [=========>....................] - ETA: 11s
 8/20 [===========>..................] - ETA: 10s
 9/20 [============>.................] - ETA: 9s 
10/20 [==============>...............] - ETA: 8s
11/20 [===============>..............] - ETA: 7s
12/20 [=================>............] - ETA: 6s
13/20 [==================>...........] - ETA: 6s
14/20 [====================>.........] - ETA: 5s
15/20 [=====================>........] - ETA: 4s
16/20 [=======================>......] - ETA: 3s
17/20 [========================>.....] - ETA: 2s
18/20 [==========================>...] - ETA: 1s
19/20 [===========================>..] - ETA: 0s

processing image 5 at 2020-10-02 04:51:02.475964

 0/20 [..............................] - ETA: 0s
 1/20 [>.............................] - ETA: 30s
 2/20 [==>...........................] - ETA: 21s
 3/20 [===>..........................] - ETA: 18s
 4/20 [=====>........................] - ETA: 16s
 5/20 [======>.......................] - ETA: 14s
 6/20 [========>.....................] - ETA: 13s
 7/20 [=========>....................] - ETA: 11s
 8/20 [===========>..................] - ETA: 10s
 9/20 [============>.................] - ETA: 9s 
10/20 [==============>...............] - ETA: 8s
11/20 [===============>..............] - ETA: 7s
12/20 [=================>............] - ETA: 6s
13/20 [==================>...........] - ETA: 6s
14/20 [====================>.........] - ETA: 5s
15/20 [=====================>........] - ETA: 4s
16/20 [=======================>......] - ETA: 3s
17/20 [========================>.....] - ETA: 2s
18/20 [==========================>...] - ETA: 1s
19/20 [===========================>..] - ETA: 0s

protection cost 93.006377 s
Finished Protecting Images at: 2020-10-02 04:51:18.507505
Finished Merging Faces at: 2020-10-02 04:51:18.557737
Done! and Finished Exporting File at: 2020-10-02 04:51:18.829669
