Finished Fawkes CLI tools argument setup at: 2020-10-02 04:33:07.072212
Finished Loading Images Paths at: 2020-10-02 04:33:07.072955
Finished Initializing Fawkes at: 2020-10-02 04:33:17.850173
Start running protection at: 2020-10-02 04:33:17.850198
Fininshed Setting Parameters at: 2020-10-02 04:33:17.850593
Identify 1 files in the directory
Identify 1 images in the directory
Finished Loading Images at: 2020-10-02 04:33:17.859152
Find 4 face(s) in 4_Face_1_Img.jpg
Finished Detecting Faces In The Images at: 2020-10-02 04:33:18.696353
target ID: 20030
Finished All Images Target Embedding at: 2020-10-02 04:33:23.141751
Finished Initializing Fawkes Protector at: 2020-10-02 04:33:38.216883
4 batches in total
processing image 1 at 2020-10-02 04:33:38.219193

 0/20 [..............................] - ETA: 0s
 1/20 [>.............................] - ETA: 3:41
 2/20 [==>...........................] - ETA: 1:52
 3/20 [===>..........................] - ETA: 1:15
 4/20 [=====>........................] - ETA: 56s 
 5/20 [======>.......................] - ETA: 44s
 6/20 [========>.....................] - ETA: 36s
 7/20 [=========>....................] - ETA: 30s
 8/20 [===========>..................] - ETA: 26s
 9/20 [============>.................] - ETA: 22s
10/20 [==============>...............] - ETA: 19s
11/20 [===============>..............] - ETA: 16s
12/20 [=================>............] - ETA: 13s
13/20 [==================>...........] - ETA: 11s
14/20 [====================>.........] - ETA: 9s 
15/20 [=====================>........] - ETA: 7s
16/20 [=======================>......] - ETA: 6s
17/20 [========================>.....] - ETA: 4s
18/20 [==========================>...] - ETA: 2s
19/20 [===========================>..] - ETA: 1s

processing image 2 at 2020-10-02 04:34:06.546815

 0/20 [..............................] - ETA: 0s
 1/20 [>.............................] - ETA: 31s
 2/20 [==>...........................] - ETA: 22s
 3/20 [===>..........................] - ETA: 18s
 4/20 [=====>........................] - ETA: 16s
 5/20 [======>.......................] - ETA: 14s
 6/20 [========>.....................] - ETA: 13s
 7/20 [=========>....................] - ETA: 12s
 8/20 [===========>..................] - ETA: 11s
 9/20 [============>.................] - ETA: 9s 
10/20 [==============>...............] - ETA: 9s
11/20 [===============>..............] - ETA: 8s
12/20 [=================>............] - ETA: 7s
13/20 [==================>...........] - ETA: 6s
14/20 [====================>.........] - ETA: 5s
15/20 [=====================>........] - ETA: 4s
16/20 [=======================>......] - ETA: 3s
17/20 [========================>.....] - ETA: 2s
18/20 [==========================>...] - ETA: 1s
19/20 [===========================>..] - ETA: 0s

processing image 3 at 2020-10-02 04:34:23.010146

 0/20 [..............................] - ETA: 0s
 1/20 [>.............................] - ETA: 31s
 2/20 [==>...........................] - ETA: 22s
 3/20 [===>..........................] - ETA: 18s
 4/20 [=====>........................] - ETA: 16s
 5/20 [======>.......................] - ETA: 14s
 6/20 [========>.....................] - ETA: 13s
 7/20 [=========>....................] - ETA: 12s
 8/20 [===========>..................] - ETA: 11s
 9/20 [============>.................] - ETA: 9s 
10/20 [==============>...............] - ETA: 8s
11/20 [===============>..............] - ETA: 8s
12/20 [=================>............] - ETA: 7s
13/20 [==================>...........] - ETA: 6s
14/20 [====================>.........] - ETA: 5s
15/20 [=====================>........] - ETA: 4s
16/20 [=======================>......] - ETA: 3s
17/20 [========================>.....] - ETA: 2s
18/20 [==========================>...] - ETA: 1s
19/20 [===========================>..] - ETA: 0s

processing image 4 at 2020-10-02 04:34:39.217529

 0/20 [..............................] - ETA: 0s
 1/20 [>.............................] - ETA: 30s
 2/20 [==>...........................] - ETA: 21s
 3/20 [===>..........................] - ETA: 18s
 4/20 [=====>........................] - ETA: 16s
 5/20 [======>.......................] - ETA: 14s
 6/20 [========>.....................] - ETA: 13s
 7/20 [=========>....................] - ETA: 11s
 8/20 [===========>..................] - ETA: 10s
 9/20 [============>.................] - ETA: 9s 
10/20 [==============>...............] - ETA: 8s
11/20 [===============>..............] - ETA: 7s
12/20 [=================>............] - ETA: 6s
13/20 [==================>...........] - ETA: 6s
14/20 [====================>.........] - ETA: 5s
15/20 [=====================>........] - ETA: 4s
16/20 [=======================>......] - ETA: 3s
17/20 [========================>.....] - ETA: 2s
18/20 [==========================>...] - ETA: 1s
19/20 [===========================>..] - ETA: 0s

protection cost 77.111462 s
Finished Protecting Images at: 2020-10-02 04:34:55.331670
Finished Merging Faces at: 2020-10-02 04:34:55.354826
Done! and Finished Exporting File at: 2020-10-02 04:34:55.402719
