Finished Fawkes CLI tools argument setup at: 2020-10-02 04:34:57.958391
Finished Loading Images Paths at: 2020-10-02 04:34:57.958682
Finished Initializing Fawkes at: 2020-10-02 04:35:08.584379
Start running protection at: 2020-10-02 04:35:08.584402
Fininshed Setting Parameters at: 2020-10-02 04:35:08.584420
Identify 1 files in the directory
Identify 1 images in the directory
Finished Loading Images at: 2020-10-02 04:35:08.592133
Find 4 face(s) in 4_Face_1_Img.jpg
Finished Detecting Faces In The Images at: 2020-10-02 04:35:09.384892
target ID: 20009
Finished All Images Target Embedding at: 2020-10-02 04:35:12.979810
Finished Initializing Fawkes Protector at: 2020-10-02 04:35:27.977021
4 batches in total
processing image 1 at 2020-10-02 04:35:27.979325

 0/20 [..............................] - ETA: 0s
 1/20 [>.............................] - ETA: 3:41
 2/20 [==>...........................] - ETA: 1:52
 3/20 [===>..........................] - ETA: 1:15
 4/20 [=====>........................] - ETA: 56s 
 5/20 [======>.......................] - ETA: 44s
 6/20 [========>.....................] - ETA: 36s
 7/20 [=========>....................] - ETA: 30s
 8/20 [===========>..................] - ETA: 26s
 9/20 [============>.................] - ETA: 22s
10/20 [==============>...............] - ETA: 18s
11/20 [===============>..............] - ETA: 16s
12/20 [=================>............] - ETA: 13s
13/20 [==================>...........] - ETA: 11s
14/20 [====================>.........] - ETA: 9s 
15/20 [=====================>........] - ETA: 7s
16/20 [=======================>......] - ETA: 5s
17/20 [========================>.....] - ETA: 4s
18/20 [==========================>...] - ETA: 2s
19/20 [===========================>..] - ETA: 1s

processing image 2 at 2020-10-02 04:35:56.191879

 0/20 [..............................] - ETA: 0s
 1/20 [>.............................] - ETA: 30s
 2/20 [==>...........................] - ETA: 21s
 3/20 [===>..........................] - ETA: 18s
 4/20 [=====>........................] - ETA: 16s
 5/20 [======>.......................] - ETA: 14s
 6/20 [========>.....................] - ETA: 13s
 7/20 [=========>....................] - ETA: 12s
 8/20 [===========>..................] - ETA: 11s
 9/20 [============>.................] - ETA: 10s
10/20 [==============>...............] - ETA: 9s 
11/20 [===============>..............] - ETA: 8s
12/20 [=================>............] - ETA: 7s
13/20 [==================>...........] - ETA: 6s
14/20 [====================>.........] - ETA: 5s
15/20 [=====================>........] - ETA: 4s
16/20 [=======================>......] - ETA: 3s
17/20 [========================>.....] - ETA: 2s
18/20 [==========================>...] - ETA: 1s
19/20 [===========================>..] - ETA: 0s

processing image 3 at 2020-10-02 04:36:12.468900

 0/20 [..............................] - ETA: 0s
 1/20 [>.............................] - ETA: 31s
 2/20 [==>...........................] - ETA: 21s
 3/20 [===>..........................] - ETA: 18s
 4/20 [=====>........................] - ETA: 16s
 5/20 [======>.......................] - ETA: 14s
 6/20 [========>.....................] - ETA: 13s
 7/20 [=========>....................] - ETA: 12s
 8/20 [===========>..................] - ETA: 10s
 9/20 [============>.................] - ETA: 9s 
10/20 [==============>...............] - ETA: 8s
11/20 [===============>..............] - ETA: 7s
12/20 [=================>............] - ETA: 6s
13/20 [==================>...........] - ETA: 6s
14/20 [====================>.........] - ETA: 5s
15/20 [=====================>........] - ETA: 4s
16/20 [=======================>......] - ETA: 3s
17/20 [========================>.....] - ETA: 2s
18/20 [==========================>...] - ETA: 1s
19/20 [===========================>..] - ETA: 0s

processing image 4 at 2020-10-02 04:36:28.641611

 0/20 [..............................] - ETA: 0s
 1/20 [>.............................] - ETA: 30s
 2/20 [==>...........................] - ETA: 21s
 3/20 [===>..........................] - ETA: 18s
 4/20 [=====>........................] - ETA: 16s
 5/20 [======>.......................] - ETA: 14s
 6/20 [========>.....................] - ETA: 13s
 7/20 [=========>....................] - ETA: 12s
 8/20 [===========>..................] - ETA: 11s
 9/20 [============>.................] - ETA: 9s 
10/20 [==============>...............] - ETA: 8s
11/20 [===============>..............] - ETA: 8s
12/20 [=================>............] - ETA: 7s
13/20 [==================>...........] - ETA: 6s
14/20 [====================>.........] - ETA: 5s
15/20 [=====================>........] - ETA: 4s
16/20 [=======================>......] - ETA: 3s
17/20 [========================>.....] - ETA: 2s
18/20 [==========================>...] - ETA: 1s
19/20 [===========================>..] - ETA: 0s

protection cost 76.937575 s
Finished Protecting Images at: 2020-10-02 04:36:44.917949
Finished Merging Faces at: 2020-10-02 04:36:44.941194
Done! and Finished Exporting File at: 2020-10-02 04:36:44.989406
